==============================================================================
Suites                                                                        
==============================================================================
Suites.Test Suite                                                             
==============================================================================
Opening Browser
TestSearchEmployee                                                    Login Page
This is search employee testcase
Logout Page
| PASS |
------------------------------------------------------------------------------
TestLogin                                                             Login Page
This is login testcase
Logout Page
| PASS |
------------------------------------------------------------------------------
TestDeleteEmployee                                                    Login Page
This is delete employee testcase
Logout Page
| PASS |
------------------------------------------------------------------------------
Closing Browser
Suites.Test Suite                                                     | PASS |
3 tests, 3 passed, 0 failed
==============================================================================
Suites                                                                | PASS |
3 tests, 3 passed, 0 failed
==============================================================================
Output:  C:\Users\One\Desktop\Robot_framework\Results\pabot_results\1\output.xml
