==============================================================================
Suites                                                                        
==============================================================================
Suites.Test Login                                                             
==============================================================================
TestWithoutArgs                                                       Test Login | Practice Test Automation
| PASS |
------------------------------------------------------------------------------
TestWithArgs                                                          Test Login | Practice Test Automation
| PASS |
------------------------------------------------------------------------------
TestWithArgs&Return                                                   Test Login | Practice Test Automation
| PASS |
------------------------------------------------------------------------------
Suites.Test Login                                                     | PASS |
3 tests, 3 passed, 0 failed
==============================================================================
Suites                                                                | PASS |
3 tests, 3 passed, 0 failed
==============================================================================
Output:  C:\Users\One\Desktop\Robot_framework\Results\pabot_results\0\output.xml
